<?xml version="1.0" encoding="UTF-8"?>
<testsuite errors="0" failures="0" name="tests.test_models.TestModels-20150121013827" tests="1" time="0.004">
	<properties/>
	<system-out>
<![CDATA[]]>	</system-out>
	<system-err>
<![CDATA[]]>	</system-err>
	<testcase classname="tests.test_models.TestModels" name="test_something" time="0.004"/>
</testsuite>
