<?xml version="1.0" encoding="UTF-8"?>
<testsuite errors="0" failures="0" name="tests.test_docktst.TestView-20150120015336" tests="1" time="0.093">
	<properties/>
	<system-out>
<![CDATA[]]>	</system-out>
	<system-err>
<![CDATA[]]>	</system-err>
	<testcase classname="tests.test_docktst.TestView" name="test_register" time="0.093"/>
</testsuite>
